Performing C SOURCE FILE Test CMAKE_HAVE_LIBC_PTHREAD failed with the following output:
Change Dir: /home/znfs/project_ws/baxter/src/speech/src/CMakeFiles/CMakeTmp

Run Build Command(s):/usr/bin/make cmTC_3402c/fast && /usr/bin/make  -f CMakeFiles/cmTC_3402c.dir/build.make CMakeFiles/cmTC_3402c.dir/build
make[1]: Entering directory '/home/znfs/project_ws/baxter/src/speech/src/CMakeFiles/CMakeTmp'
Building C object CMakeFiles/cmTC_3402c.dir/src.c.o
/usr/bin/cc   -DCMAKE_HAVE_LIBC_PTHREAD -o CMakeFiles/cmTC_3402c.dir/src.c.o -c /home/znfs/project_ws/baxter/src/speech/src/CMakeFiles/CMakeTmp/src.c
Linking C executable cmTC_3402c
/usr/local/bin/cmake -E cmake_link_script CMakeFiles/cmTC_3402c.dir/link.txt --verbose=1
/usr/bin/cc  -DCMAKE_HAVE_LIBC_PTHREAD -rdynamic CMakeFiles/cmTC_3402c.dir/src.c.o -o cmTC_3402c 
CMakeFiles/cmTC_3402c.dir/src.c.o: In function `main':
src.c:(.text+0x3e): undefined reference to `pthread_create'
src.c:(.text+0x4a): undefined reference to `pthread_detach'
src.c:(.text+0x56): undefined reference to `pthread_cancel'
src.c:(.text+0x67): undefined reference to `pthread_join'
src.c:(.text+0x7b): undefined reference to `pthread_atfork'
collect2: error: ld returned 1 exit status
CMakeFiles/cmTC_3402c.dir/build.make:105: recipe for target 'cmTC_3402c' failed
make[1]: *** [cmTC_3402c] Error 1
make[1]: Leaving directory '/home/znfs/project_ws/baxter/src/speech/src/CMakeFiles/CMakeTmp'
Makefile:140: recipe for target 'cmTC_3402c/fast' failed
make: *** [cmTC_3402c/fast] Error 2


Source file was:
#include <pthread.h>

void* test_func(void* data)
{
  return data;
}

int main(void)
{
  pthread_t thread;
  pthread_create(&thread, NULL, test_func, NULL);
  pthread_detach(thread);
  pthread_cancel(thread);
  pthread_join(thread, NULL);
  pthread_atfork(NULL, NULL, NULL);
  pthread_exit(NULL);

  return 0;
}

Determining if the function pthread_create exists in the pthreads failed with the following output:
Change Dir: /home/znfs/project_ws/baxter/src/speech/src/CMakeFiles/CMakeTmp

Run Build Command(s):/usr/bin/make cmTC_11f50/fast && /usr/bin/make  -f CMakeFiles/cmTC_11f50.dir/build.make CMakeFiles/cmTC_11f50.dir/build
make[1]: Entering directory '/home/znfs/project_ws/baxter/src/speech/src/CMakeFiles/CMakeTmp'
Building C object CMakeFiles/cmTC_11f50.dir/CheckFunctionExists.c.o
/usr/bin/cc   -DCHECK_FUNCTION_EXISTS=pthread_create -o CMakeFiles/cmTC_11f50.dir/CheckFunctionExists.c.o -c /usr/local/share/cmake-3.18/Modules/CheckFunctionExists.c
Linking C executable cmTC_11f50
/usr/local/bin/cmake -E cmake_link_script CMakeFiles/cmTC_11f50.dir/link.txt --verbose=1
/usr/bin/cc  -DCHECK_FUNCTION_EXISTS=pthread_create -rdynamic CMakeFiles/cmTC_11f50.dir/CheckFunctionExists.c.o -o cmTC_11f50  -lpthreads 
/usr/bin/ld: cannot find -lpthreads
collect2: error: ld returned 1 exit status
CMakeFiles/cmTC_11f50.dir/build.make:105: recipe for target 'cmTC_11f50' failed
make[1]: *** [cmTC_11f50] Error 1
make[1]: Leaving directory '/home/znfs/project_ws/baxter/src/speech/src/CMakeFiles/CMakeTmp'
Makefile:140: recipe for target 'cmTC_11f50/fast' failed
make: *** [cmTC_11f50/fast] Error 2



